MEA

RHS of equations:
-(-c_2*c_6*y_2*yx6*(c_6 + y_0)**3 + c_2*c_6*yx4*(c_6 + y_0)**4 + c_2*y_0*y_2*(c_6 + y_0)**5 - (c_0 - c_1*y_0)*(c_6 + y_0)**6)/(c_6 + y_0)**6
c_3*y_0 - c_4*y_1
c_4*y_1 - c_5*y_2
c_4*y_1 + 2*c_4*yx2 + c_5*y_2 - 2*c_5*yx1
c_3*yx4 - c_4*y_1 + c_4*yx3 - yx2*(c_4 + c_5)
c_3*y_0 + 2*c_3*yx5 + c_4*y_1 - 2*c_4*yx3
-(c_2*y_0*yx1*(c_6 + y_0)**2 - c_4*yx5*(c_6 + y_0)**3 + yx4*(c_6 + y_0)*(2*c_2*y_2*(c_6 + y_0) - c_2*y_2*(c_6 + 2*y_0) + (c_1 + c_5)*(c_6 + y_0)**2))/(c_6 + y_0)**3
-(c_2*y_0*yx2*(c_6 + y_0)**3 - c_3*yx6*(c_6 + y_0)**4 + yx5*(c_6 + y_0)*(-c_2*y_0*y_2*(c_6 + y_0) + c_2*y_2*(c_6 + y_0)**2 + (c_1 + c_4)*(c_6 + y_0)**3))/(c_6 + y_0)**4
-(c_2*yx4*(c_6 + y_0)*(2*c_6*y_0 - c_6 + 2*y_0**2)*(c_6**3 + 3*c_6**2*y_0 + 3*c_6*y_0**2 + y_0**3) + yx6*(c_6 + y_0)*(c_6**2 + 2*c_6*y_0 + y_0**2)*(2*c_1*c_6**3 + 6*c_1*c_6**2*y_0 + 6*c_1*c_6*y_0**2 + 2*c_1*y_0**3 + 2*c_2*c_6**2*y_2 + 2*c_2*c_6*y_0*y_2 + c_2*c_6*y_2) - (c_6**2 + 2*c_6*y_0 + y_0**2)*(c_6**3 + 3*c_6**2*y_0 + 3*c_6*y_0**2 + y_0**3)*(c_0*c_6 + c_0*y_0 + c_1*c_6*y_0 + c_1*y_0**2 + c_2*y_0*y_2))/((c_6 + y_0)*(c_6**2 + 2*c_6*y_0 + y_0**2)*(c_6**3 + 3*c_6**2*y_0 + 3*c_6*y_0**2 + y_0**3))

LHS:
y_0
y_1
y_2
yx1
yx2
yx3
yx4
yx5
yx6

Constants:
c_0
c_1
c_2
c_3
c_4
c_5
c_6
Number of variables:
3
Number of moments:
2
Time taken (s): 4.19329094887

Number of equations:
9

List of moments:
[1, 0, 0]
[0, 1, 0]
[0, 0, 1]
[0, 0, 2]
[0, 1, 1]
[0, 2, 0]
[1, 0, 1]
[1, 1, 0]
[2, 0, 0]
