MEA

RHS of equations:
-(-1.0*c_0**6*(c_0**2 + y_2**2)**3 + 0.03*c_0**4*y_0*(c_0**2 + y_2**2)**4 + c_0**4*yx1*(c_0**2 + y_2**2)*(-4.0*c_0**2*y_2**2 + 1.0*c_0**2*(c_0**2 + y_2**2)))/(c_0**4*(c_0**2 + y_2**2)**4)
c_2*y_0 - c_3*y_1 - 0.03*y_1
c_3*y_1 - 0.03*y_2
1.0*c_3*y_1 + 2.0*c_3*yx2 + 0.03*y_2 - 0.06*yx1
c_2*yx4 - c_3*y_1 + c_3*yx3 - yx2*(1.0*c_3 + 0.06)
1.0*c_2*y_0 + 2*c_2*yx5 + 1.0*c_3*y_1 + 0.03*y_1 - yx3*(2.0*c_3 + 0.06)
(2.0*c_0**2*y_2*yx1 - (c_3*yx5 - 0.06*yx4)*(1.0*c_0**4 + 2.0*c_0**2*y_2**2 + 1.0*y_2**4))/(-1.0*c_0**4 - 2.0*c_0**2*y_2**2 - 1.0*y_2**4)
-(2.0*c_0**2*y_2*yx2 - (c_0**2 + y_2**2)**2*(c_2*yx6 - yx5*(1.0*c_3 + 0.06)))/(c_0**2 + y_2**2)**2
-4.0*c_0**2*y_2*yx4/(c_0**2 + y_2**2)**2 + c_0**2*yx1*(-1.0*c_0**2 + 3.0*y_2**2)/(1.0*c_0**6 + 3.0*c_0**4*y_2**2 + 3.0*c_0**2*y_2**4 + 1.0*y_2**6) - 0.06*yx6 + (0.0299999999999998*c_0**2*y_0 + 1.0*c_0**2 + 0.03*y_0*y_2**2)/(c_0**2 + y_2**2)

LHS:
y_0
y_1
y_2
yx1
yx2
yx3
yx4
yx5
yx6

Constants:
c_0
c_1
c_2
c_3
Number of variables:
3
Number of moments:
2
Time taken (s): 3.02975201607

Number of equations:
9

List of moments:
[1, 0, 0]
[0, 1, 0]
[0, 0, 1]
[0, 0, 2]
[0, 1, 1]
[0, 2, 0]
[1, 0, 1]
[1, 1, 0]
[2, 0, 0]
