MEA

RHS of equations:
-c_0*y_0*(y_0 + y_1 - 181) - c_0*yx2 - c_0*yx3 - c_1*(y_0 + y_1 - 301)
c_2*(-y_0 - y_1 + 301)
c_2*(-y_0 - y_1 - 2*yx1 - 2*yx2 + 301)
-c_2*yx3 - yx1*(c_0*y_0 + c_1) - yx2*(2*c_0*y_0 + c_0*y_1 - 181*c_0 + c_1 + c_2)
c_0*y_0**2 + c_0*y_0*y_1 - 181*c_0*y_0 - c_1*y_0 - c_1*y_1 + 301*c_1 - yx2*(2*c_0*y_0 - c_0 + 2*c_1) - yx3*(4*c_0*y_0 + 2*c_0*y_1 - 363*c_0 + 2*c_1)

LHS:
y_0
y_1
yx1
yx2
yx3

Constants:
c_0
c_1
c_2
Number of variables:
2
Number of moments:
2
Time taken (s): 0.948215961456

Number of equations:
5

List of moments:
[1, 0]
[0, 1]
[0, 2]
[1, 1]
[2, 0]
