LNA

RHS of equations:
-0.03*y_0 + 1.0/(1 + y_2**2/c_0**2)
c_2*y_0 - c_3*y_1 - 0.03*y_1
c_3*y_1 - 0.03*y_2
-0.06*V_00 - 2.0*V_02*y_2/(c_0**2*(1 + y_2**2/c_0**2)**2) - 2.0*V_20*y_2/(c_0**2*(1 + y_2**2/c_0**2)**2) + 0.03*y_0**1.0 + 1.0*(1/(1 + y_2**2/c_0**2))**1.0
V_00*c_2 + V_01*(-c_3 - 0.03) - 0.03*V_01 - 2.0*V_21*y_2/(c_0**2*(1 + y_2**2/c_0**2)**2)
V_01*c_3 - 0.06*V_02 - 2.0*V_22*y_2/(c_0**2*(1 + y_2**2/c_0**2)**2)
V_00*c_2 + V_10*(-c_3 - 0.03) - 0.03*V_10 - 2.0*V_12*y_2/(c_0**2*(1 + y_2**2/c_0**2)**2)
V_01*c_2 + V_10*c_2 + 2*V_11*(-c_3 - 0.03) + 0.03*y_1**1.0 + (c_2*y_0)**1.0 + (c_3*y_1)**1.0
V_02*c_2 + V_11*c_3 + V_12*(-c_3 - 0.03) - 0.03*V_12 - (c_3*y_1)**1.0
V_10*c_3 - 0.06*V_20 - 2.0*V_22*y_2/(c_0**2*(1 + y_2**2/c_0**2)**2)
V_11*c_3 + V_20*c_2 + V_21*(-c_3 - 0.03) - 0.03*V_21 - (c_3*y_1)**1.0
V_12*c_3 + V_21*c_3 - 0.06*V_22 + 0.03*y_2**1.0 + (c_3*y_1)**1.0

LHS:
y_0
y_1
y_2
V_00
V_01
V_02
V_10
V_11
V_12
V_20
V_21
V_22

Constants:
c_0
c_1
c_2
c_3
Number of variables:
3

Number of equations:
12

List of moments:
[1, 0, 0]
[0, 1, 0]
[0, 0, 1]