LNA

RHS of equations:
c_0 - c_1*y_0 - c_2*y_0*y_2/(c_6 + y_0)
c_3*y_0 - c_4*y_1
c_4*y_1 - c_5*y_2
2*V_00*(-c_1 + c_2*y_0*y_2/(c_6 + y_0)**2 - c_2*y_2/(c_6 + y_0)) - V_02*c_2*y_0/(c_6 + y_0) - V_20*c_2*y_0/(c_6 + y_0) + c_0**1.0 + (c_1*y_0)**1.0 + (c_2*y_0*y_2/(c_6 + y_0))**1.0
V_00*c_3 - V_01*c_4 + V_01*(-c_1 + c_2*y_0*y_2/(c_6 + y_0)**2 - c_2*y_2/(c_6 + y_0)) - V_21*c_2*y_0/(c_6 + y_0)
V_01*c_4 - V_02*c_5 + V_02*(-c_1 + c_2*y_0*y_2/(c_6 + y_0)**2 - c_2*y_2/(c_6 + y_0)) - V_22*c_2*y_0/(c_6 + y_0)
V_00*c_3 - V_10*c_4 + V_10*(-c_1 + c_2*y_0*y_2/(c_6 + y_0)**2 - c_2*y_2/(c_6 + y_0)) - V_12*c_2*y_0/(c_6 + y_0)
V_01*c_3 + V_10*c_3 - 2*V_11*c_4 + (c_3*y_0)**1.0 + (c_4*y_1)**1.0
V_02*c_3 + V_11*c_4 - V_12*c_4 - V_12*c_5 - (c_4*y_1)**1.0
V_10*c_4 - V_20*c_5 + V_20*(-c_1 + c_2*y_0*y_2/(c_6 + y_0)**2 - c_2*y_2/(c_6 + y_0)) - V_22*c_2*y_0/(c_6 + y_0)
V_11*c_4 + V_20*c_3 - V_21*c_4 - V_21*c_5 - (c_4*y_1)**1.0
V_12*c_4 + V_21*c_4 - 2*V_22*c_5 + (c_4*y_1)**1.0 + (c_5*y_2)**1.0

LHS:
y_0
y_1
y_2
V_00
V_01
V_02
V_10
V_11
V_12
V_20
V_21
V_22

Constants:
c_0
c_1
c_2
c_3
c_4
c_5
c_6
Number of variables:
3

Number of equations:
12

List of moments:
[1, 0, 0]
[0, 1, 0]
[0, 0, 1]