LNA

RHS of equations:
-c_0*y_0*(y_0 + y_1 - 181) + c_1*(-y_0 - y_1 + 301)
c_2*(-y_0 - y_1 + 301)
2*V_00*(-c_0*y_0 - c_0*(y_0 + y_1 - 181) - c_1) + V_01*(-c_0*y_0 - c_1) + V_10*(-c_0*y_0 - c_1) + (c_1*(-y_0 - y_1 + 301))**1.0 + (c_0*y_0*(y_0 + y_1 - 181))**1.0
-V_00*c_2 - V_01*c_2 + V_01*(-c_0*y_0 - c_0*(y_0 + y_1 - 181) - c_1) + V_11*(-c_0*y_0 - c_1)
-V_00*c_2 - V_10*c_2 + V_10*(-c_0*y_0 - c_0*(y_0 + y_1 - 181) - c_1) + V_11*(-c_0*y_0 - c_1)
-V_01*c_2 - V_10*c_2 - 2*V_11*c_2 + (c_2*(-y_0 - y_1 + 301))**1.0

LHS:
y_0
y_1
V_00
V_01
V_10
V_11

Constants:
c_0
c_1
c_2
Number of variables:
2

Number of equations:
6

List of moments:
[1, 0]
[0, 1]